<?xml version="1.0" encoding="UTF-8"?>
<!-- Generated by org.testng.reporters.JUnitXMLReporter -->
<testsuite ignored="0" hostname="HATI-SDG00096" failures="1" tests="2" name="OP_Bill_Final_Bill_Full_Settlement_Debit_Note_Billing_Summary_Debit_Note_List_View_Details" time="34.752" errors="0" timestamp="2024-01-10T22:37:23 IST">
  <testcase classname="BillingTest.OP_Bill_Final_Bill_Full_Settlement_Debit_Note_Billing_Summary_Debit_Note_List_View_Details" name="TC_01_Verify_Login" time="10.64"/>
  <testcase classname="BillingTest.OP_Bill_Final_Bill_Full_Settlement_Debit_Note_Billing_Summary_Debit_Note_List_View_Details" name="TC_02_OP_Bill_Final_Bill_Full_Settlement_Debit_Note_Billing_Summary_Debit_Note_List_View_Details" time="16.064">
    <failure type="org.openqa.selenium.ElementClickInterceptedException" message="element click intercepted: Element &amp;lt;a _ngcontent-fmv-c140=&amp;quot;&amp;quot; appaccordiontoggle=&amp;quot;&amp;quot; class=&amp;quot;navigation-link parent ng-star-inserted&amp;quot; id=&amp;quot;2004&amp;quot; data-sequence=&amp;quot;2&amp;quot;&amp;gt;...&amp;lt;/a&amp;gt; is not clickable at point (35, 192). Other element would receive the click: &amp;lt;a _ngcontent-fmv-c140=&amp;quot;&amp;quot; appaccordiontoggle=&amp;quot;&amp;quot; class=&amp;quot;navigation-link relative ng-star-inserted&amp;quot; id=&amp;quot;200102&amp;quot; ng-reflect-router-link=&amp;quot;new-appointment,appointment-li&amp;quot; data-sequence=&amp;quot;1&amp;quot; href=&amp;quot;#/OPD/new-appointment/appointment-list&amp;quot;&amp;gt;...&amp;lt;/a&amp;gt;
  (Session info: chrome=120.0.6099.200)
Build info: version: &amp;apos;3.141.59&amp;apos;, revision: &amp;apos;e82be7d358&amp;apos;, time: &amp;apos;2018-11-14T08:17:03&amp;apos;
System info: host: &amp;apos;HATI-SDG00096&amp;apos;, ip: &amp;apos;192.168.0.103&amp;apos;, os.name: &amp;apos;Windows 10&amp;apos;, os.arch: &amp;apos;amd64&amp;apos;, os.version: &amp;apos;10.0&amp;apos;, java.version: &amp;apos;17.0.8.1&amp;apos;
Driver info: org.openqa.selenium.chrome.ChromeDriver
Capabilities {acceptInsecureCerts: false, browserName: chrome, browserVersion: 120.0.6099.200, chrome: {chromedriverVersion: 120.0.6099.109 (3419140ab66..., userDataDir: C:\Users\Kamlakar\AppData\L...}, fedcm:accounts: true, goog:chromeOptions: {debuggerAddress: localhost:53125}, javascriptEnabled: true, networkConnectionEnabled: false, pageLoadStrategy: normal, platform: WINDOWS, platformName: WINDOWS, proxy: Proxy(), setWindowRect: true, strictFileInteractability: false, timeouts: {implicit: 0, pageLoad: 300000, script: 30000}, unhandledPromptBehavior: dismiss and notify, webauthn:extension:credBlob: true, webauthn:extension:largeBlob: true, webauthn:extension:minPinLength: true, webauthn:extension:prf: true, webauthn:virtualAuthenticators: true}
Session ID: 1d98b999803e95401716cac053e69b36">
      <![CDATA[org.openqa.selenium.ElementClickInterceptedException: element click intercepted: Element <a _ngcontent-fmv-c140="" appaccordiontoggle="" class="navigation-link parent ng-star-inserted" id="2004" data-sequence="2">...</a> is not clickable at point (35, 192). Other element would receive the click: <a _ngcontent-fmv-c140="" appaccordiontoggle="" class="navigation-link relative ng-star-inserted" id="200102" ng-reflect-router-link="new-appointment,appointment-li" data-sequence="1" href="#/OPD/new-appointment/appointment-list">...</a>
  (Session info: chrome=120.0.6099.200)
Build info: version: '3.141.59', revision: 'e82be7d358', time: '2018-11-14T08:17:03'
System info: host: 'HATI-SDG00096', ip: '192.168.0.103', os.name: 'Windows 10', os.arch: 'amd64', os.version: '10.0', java.version: '17.0.8.1'
Driver info: org.openqa.selenium.chrome.ChromeDriver
Capabilities {acceptInsecureCerts: false, browserName: chrome, browserVersion: 120.0.6099.200, chrome: {chromedriverVersion: 120.0.6099.109 (3419140ab66..., userDataDir: C:\Users\Kamlakar\AppData\L...}, fedcm:accounts: true, goog:chromeOptions: {debuggerAddress: localhost:53125}, javascriptEnabled: true, networkConnectionEnabled: false, pageLoadStrategy: normal, platform: WINDOWS, platformName: WINDOWS, proxy: Proxy(), setWindowRect: true, strictFileInteractability: false, timeouts: {implicit: 0, pageLoad: 300000, script: 30000}, unhandledPromptBehavior: dismiss and notify, webauthn:extension:credBlob: true, webauthn:extension:largeBlob: true, webauthn:extension:minPinLength: true, webauthn:extension:prf: true, webauthn:virtualAuthenticators: true}
Session ID: 1d98b999803e95401716cac053e69b36
at org.openqa.selenium.remote.http.W3CHttpResponseCodec.createException(W3CHttpResponseCodec.java:187)
at org.openqa.selenium.remote.http.W3CHttpResponseCodec.decode(W3CHttpResponseCodec.java:122)
at org.openqa.selenium.remote.http.W3CHttpResponseCodec.decode(W3CHttpResponseCodec.java:49)
at org.openqa.selenium.remote.HttpCommandExecutor.execute(HttpCommandExecutor.java:158)
at org.openqa.selenium.remote.service.DriverCommandExecutor.execute(DriverCommandExecutor.java:83)
at org.openqa.selenium.remote.RemoteWebDriver.execute(RemoteWebDriver.java:552)
at org.openqa.selenium.remote.RemoteWebElement.execute(RemoteWebElement.java:285)
at org.openqa.selenium.remote.RemoteWebElement.click(RemoteWebElement.java:84)
at BillingPages.OP_Bill_Final_Bill_Full_Settlement_Debit_Note_Billing_Summary_Debit_Note_List_View_Details.OP_Bill_Final_Bill_Full_Settlement_Debit_Note_Billing_Summary_Debit_Note_List_View_Detailsfunc(OP_Bill_Final_Bill_Full_Settlement_Debit_Note_Billing_Summary_Debit_Note_List_View_Details.java:336)
at BillingTest.OP_Bill_Final_Bill_Full_Settlement_Debit_Note_Billing_Summary_Debit_Note_List_View_Details.TC_02_OP_Bill_Final_Bill_Full_Settlement_Debit_Note_Billing_Summary_Debit_Note_List_View_Details(OP_Bill_Final_Bill_Full_Settlement_Debit_Note_Billing_Summary_Debit_Note_List_View_Details.java:49)
at java.base/java.util.ArrayList.forEach(ArrayList.java:1511)
... Removed 33 stack frames]]>
    </failure>
  </testcase> <!-- TC_02_OP_Bill_Final_Bill_Full_Settlement_Debit_Note_Billing_Summary_Debit_Note_List_View_Details -->
</testsuite> <!-- OP_Bill_Final_Bill_Full_Settlement_Debit_Note_Billing_Summary_Debit_Note_List_View_Details -->
