<?xml version="1.0" encoding="UTF-8"?>
<!-- Generated by org.testng.reporters.JUnitXMLReporter -->
<testsuite ignored="0" hostname="HATI-SDG00096" failures="1" tests="5" name="Admission_Request_AdmissionForm_save_Admission_IP_charge_Save_Charges_IP_Bill_FullSettlement" time="415.51" errors="0" timestamp="2024-01-10T17:39:21 IST">
  <testcase classname="BillingTest_2.Admission_Request_AdmissionForm_save_Admission_IP_charge_Save_Charges_IP_Bill_Full_SettlementOutstanding" name="TC_01_Verify_Login" time="3.145"/>
  <testcase classname="BillingTest_2.Admission_Request_AdmissionForm_save_Admission_IP_charge_Save_Charges_IP_Bill_Full_SettlementOutstanding" name="TC_02_User_Able_To_Do_AdmissionRequestform" time="123.672"/>
  <testcase classname="BillingTest_2.Admission_Request_AdmissionForm_save_Admission_IP_charge_Save_Charges_IP_Bill_Full_SettlementOutstanding" name="TC_03_User_Able_to_Do_ADTRegistartionForm" time="64.024"/>
  <testcase classname="BillingTest_2.Admission_Request_AdmissionForm_save_Admission_IP_charge_Save_Charges_IP_Bill_Full_SettlementOutstanding" name="TC_04_Verify_User_Can_Fill_ADT_Admission_Form" time="183.06"/>
  <testcase classname="BillingTest_2.Admission_Request_AdmissionForm_save_Admission_IP_charge_Save_Charges_IP_Bill_Full_SettlementOutstanding" name="TC_05_Verify_That_User_Is_Able_to_Save_IP_Charges_Then_Create_IP_BILL_Outstanding_For_Patient" time="19.141">
    <failure type="org.openqa.selenium.NoSuchElementException" message="no such element: Unable to locate element: {&amp;quot;method&amp;quot;:&amp;quot;xpath&amp;quot;,&amp;quot;selector&amp;quot;:&amp;quot;/html/body/app-root/app-layout/ng-sidebar-container/div/div/mat-drawer-container/mat-drawer-content/div/div/app-admission-dashboard/mat-drawer-container/mat-drawer-content/div/table/tbody/tr[1]/td[2]&amp;quot;}
  (Session info: chrome=120.0.6099.200)
For documentation on this error, please visit: https://www.seleniumhq.org/exceptions/no_such_element.html
Build info: version: &amp;apos;3.141.59&amp;apos;, revision: &amp;apos;e82be7d358&amp;apos;, time: &amp;apos;2018-11-14T08:17:03&amp;apos;
System info: host: &amp;apos;HATI-SDG00096&amp;apos;, ip: &amp;apos;172.30.80.26&amp;apos;, os.name: &amp;apos;Windows 10&amp;apos;, os.arch: &amp;apos;amd64&amp;apos;, os.version: &amp;apos;10.0&amp;apos;, java.version: &amp;apos;17.0.8.1&amp;apos;
Driver info: org.openqa.selenium.chrome.ChromeDriver
Capabilities {acceptInsecureCerts: false, browserName: chrome, browserVersion: 120.0.6099.200, chrome: {chromedriverVersion: 120.0.6099.109 (3419140ab66..., userDataDir: C:\Users\Kamlakar\AppData\L...}, fedcm:accounts: true, goog:chromeOptions: {debuggerAddress: localhost:57174}, javascriptEnabled: true, networkConnectionEnabled: false, pageLoadStrategy: normal, platform: WINDOWS, platformName: WINDOWS, proxy: Proxy(), setWindowRect: true, strictFileInteractability: false, timeouts: {implicit: 0, pageLoad: 300000, script: 30000}, unhandledPromptBehavior: dismiss and notify, webauthn:extension:credBlob: true, webauthn:extension:largeBlob: true, webauthn:extension:minPinLength: true, webauthn:extension:prf: true, webauthn:virtualAuthenticators: true}
Session ID: 4e19460b26d05cad97aa5cc829de6b4c
*** Element info: {Using=xpath, value=/html/body/app-root/app-layout/ng-sidebar-container/div/div/mat-drawer-container/mat-drawer-content/div/div/app-admission-dashboard/mat-drawer-container/mat-drawer-content/div/table/tbody/tr[1]/td[2]}">
      <![CDATA[org.openqa.selenium.NoSuchElementException: no such element: Unable to locate element: {"method":"xpath","selector":"/html/body/app-root/app-layout/ng-sidebar-container/div/div/mat-drawer-container/mat-drawer-content/div/div/app-admission-dashboard/mat-drawer-container/mat-drawer-content/div/table/tbody/tr[1]/td[2]"}
  (Session info: chrome=120.0.6099.200)
For documentation on this error, please visit: https://www.seleniumhq.org/exceptions/no_such_element.html
Build info: version: '3.141.59', revision: 'e82be7d358', time: '2018-11-14T08:17:03'
System info: host: 'HATI-SDG00096', ip: '172.30.80.26', os.name: 'Windows 10', os.arch: 'amd64', os.version: '10.0', java.version: '17.0.8.1'
Driver info: org.openqa.selenium.chrome.ChromeDriver
Capabilities {acceptInsecureCerts: false, browserName: chrome, browserVersion: 120.0.6099.200, chrome: {chromedriverVersion: 120.0.6099.109 (3419140ab66..., userDataDir: C:\Users\Kamlakar\AppData\L...}, fedcm:accounts: true, goog:chromeOptions: {debuggerAddress: localhost:57174}, javascriptEnabled: true, networkConnectionEnabled: false, pageLoadStrategy: normal, platform: WINDOWS, platformName: WINDOWS, proxy: Proxy(), setWindowRect: true, strictFileInteractability: false, timeouts: {implicit: 0, pageLoad: 300000, script: 30000}, unhandledPromptBehavior: dismiss and notify, webauthn:extension:credBlob: true, webauthn:extension:largeBlob: true, webauthn:extension:minPinLength: true, webauthn:extension:prf: true, webauthn:virtualAuthenticators: true}
Session ID: 4e19460b26d05cad97aa5cc829de6b4c
*** Element info: {Using=xpath, value=/html/body/app-root/app-layout/ng-sidebar-container/div/div/mat-drawer-container/mat-drawer-content/div/div/app-admission-dashboard/mat-drawer-container/mat-drawer-content/div/table/tbody/tr[1]/td[2]}
at org.openqa.selenium.remote.http.W3CHttpResponseCodec.createException(W3CHttpResponseCodec.java:187)
at org.openqa.selenium.remote.http.W3CHttpResponseCodec.decode(W3CHttpResponseCodec.java:122)
at org.openqa.selenium.remote.http.W3CHttpResponseCodec.decode(W3CHttpResponseCodec.java:49)
at org.openqa.selenium.remote.HttpCommandExecutor.execute(HttpCommandExecutor.java:158)
at org.openqa.selenium.remote.service.DriverCommandExecutor.execute(DriverCommandExecutor.java:83)
at org.openqa.selenium.remote.RemoteWebDriver.execute(RemoteWebDriver.java:552)
at org.openqa.selenium.remote.RemoteWebDriver.findElement(RemoteWebDriver.java:323)
at org.openqa.selenium.remote.RemoteWebDriver.findElementByXPath(RemoteWebDriver.java:428)
at org.openqa.selenium.By$ByXPath.findElement(By.java:353)
at org.openqa.selenium.remote.RemoteWebDriver.findElement(RemoteWebDriver.java:315)
at BillingPages_2.ADTRequestedForm_IPcharge_SaveCharges_IP_Bill_Full_Settlement_Outstanding.IPCharges_IPD_BIll_Outstanding(ADTRequestedForm_IPcharge_SaveCharges_IP_Bill_Full_Settlement_Outstanding.java:125)
at BillingTest_2.Admission_Request_AdmissionForm_save_Admission_IP_charge_Save_Charges_IP_Bill_Full_SettlementOutstanding.TC_05_Verify_That_User_Is_Able_to_Save_IP_Charges_Then_Create_IP_BILL_Outstanding_For_Patient(Admission_Request_AdmissionForm_save_Admission_IP_charge_Save_Charges_IP_Bill_Full_SettlementOutstanding.java:65)
at java.base/java.util.ArrayList.forEach(ArrayList.java:1511)
... Removed 33 stack frames]]>
    </failure>
  </testcase> <!-- TC_05_Verify_That_User_Is_Able_to_Save_IP_Charges_Then_Create_IP_BILL_Outstanding_For_Patient -->
</testsuite> <!-- Admission_Request_AdmissionForm_save_Admission_IP_charge_Save_Charges_IP_Bill_FullSettlement -->
