<?xml version="1.0" encoding="UTF-8"?>
<!-- Generated by org.testng.reporters.JUnitReportReporter -->
<testsuite hostname="HATI-SDG00096" failures="0" tests="2" name="BillingTest.OP_Bill_Final_Bill_Full_Settlement_Debit_Note_Billing_Summary_Debit_Note_List_View_Details" time="26.956" errors="1" timestamp="2024-01-11T00:15:42 IST" skipped="0">
  <testcase classname="BillingTest.OP_Bill_Final_Bill_Full_Settlement_Debit_Note_Billing_Summary_Debit_Note_List_View_Details" name="TC_02_OP_Bill_Final_Bill_Full_Settlement_Debit_Note_Billing_Summary_Debit_Note_List_View_Details" time="16.316">
    <error message="element click intercepted: Element &lt;a _ngcontent-fmv-c140=&quot;&quot; appaccordiontoggle=&quot;&quot; class=&quot;navigation-link parent ng-star-inserted&quot; id=&quot;2004&quot; data-sequence=&quot;2&quot;&gt;...&lt;/a&gt; is not clickable at point (35, 192). Other element would receive the click: &lt;a _ngcontent-fmv-c140=&quot;&quot; appaccordiontoggle=&quot;&quot; class=&quot;navigation-link relative ng-star-inserted&quot; id=&quot;200102&quot; ng-reflect-router-link=&quot;new-appointment,appointment-li&quot; data-sequence=&quot;1&quot; href=&quot;#/OPD/new-appointment/appointment-list&quot;&gt;...&lt;/a&gt;
  (Session info: chrome=120.0.6099.200)
Build info: version: &#039;3.141.59&#039;, revision: &#039;e82be7d358&#039;, time: &#039;2018-11-14T08:17:03&#039;
System info: host: &#039;HATI-SDG00096&#039;, ip: &#039;192.168.0.103&#039;, os.name: &#039;Windows 10&#039;, os.arch: &#039;amd64&#039;, os.version: &#039;10.0&#039;, java.version: &#039;17.0.8.1&#039;
Driver info: org.openqa.selenium.chrome.ChromeDriver
Capabilities {acceptInsecureCerts: false, browserName: chrome, browserVersion: 120.0.6099.200, chrome: {chromedriverVersion: 120.0.6099.109 (3419140ab66..., userDataDir: C:\Users\Kamlakar\AppData\L...}, fedcm:accounts: true, goog:chromeOptions: {debuggerAddress: localhost:53125}, javascriptEnabled: true, networkConnectionEnabled: false, pageLoadStrategy: normal, platform: WINDOWS, platformName: WINDOWS, proxy: Proxy(), setWindowRect: true, strictFileInteractability: false, timeouts: {implicit: 0, pageLoad: 300000, script: 30000}, unhandledPromptBehavior: dismiss and notify, webauthn:extension:credBlob: true, webauthn:extension:largeBlob: true, webauthn:extension:minPinLength: true, webauthn:extension:prf: true, webauthn:virtualAuthenticators: true}
Session ID: 1d98b999803e95401716cac053e69b36" type="org.openqa.selenium.ElementClickInterceptedException">
      <![CDATA[org.openqa.selenium.ElementClickInterceptedException: element click intercepted: Element <a _ngcontent-fmv-c140="" appaccordiontoggle="" class="navigation-link parent ng-star-inserted" id="2004" data-sequence="2">...</a> is not clickable at point (35, 192). Other element would receive the click: <a _ngcontent-fmv-c140="" appaccordiontoggle="" class="navigation-link relative ng-star-inserted" id="200102" ng-reflect-router-link="new-appointment,appointment-li" data-sequence="1" href="#/OPD/new-appointment/appointment-list">...</a>
  (Session info: chrome=120.0.6099.200)
Build info: version: '3.141.59', revision: 'e82be7d358', time: '2018-11-14T08:17:03'
System info: host: 'HATI-SDG00096', ip: '192.168.0.103', os.name: 'Windows 10', os.arch: 'amd64', os.version: '10.0', java.version: '17.0.8.1'
Driver info: org.openqa.selenium.chrome.ChromeDriver
Capabilities {acceptInsecureCerts: false, browserName: chrome, browserVersion: 120.0.6099.200, chrome: {chromedriverVersion: 120.0.6099.109 (3419140ab66..., userDataDir: C:\Users\Kamlakar\AppData\L...}, fedcm:accounts: true, goog:chromeOptions: {debuggerAddress: localhost:53125}, javascriptEnabled: true, networkConnectionEnabled: false, pageLoadStrategy: normal, platform: WINDOWS, platformName: WINDOWS, proxy: Proxy(), setWindowRect: true, strictFileInteractability: false, timeouts: {implicit: 0, pageLoad: 300000, script: 30000}, unhandledPromptBehavior: dismiss and notify, webauthn:extension:credBlob: true, webauthn:extension:largeBlob: true, webauthn:extension:minPinLength: true, webauthn:extension:prf: true, webauthn:virtualAuthenticators: true}
Session ID: 1d98b999803e95401716cac053e69b36
at java.base/jdk.internal.reflect.NativeConstructorAccessorImpl.newInstance0(Native Method)
at java.base/jdk.internal.reflect.NativeConstructorAccessorImpl.newInstance(NativeConstructorAccessorImpl.java:77)
at java.base/jdk.internal.reflect.DelegatingConstructorAccessorImpl.newInstance(DelegatingConstructorAccessorImpl.java:45)
at java.base/java.lang.reflect.Constructor.newInstanceWithCaller(Constructor.java:499)
at java.base/java.lang.reflect.Constructor.newInstance(Constructor.java:480)
at org.openqa.selenium.remote.http.W3CHttpResponseCodec.createException(W3CHttpResponseCodec.java:187)
at org.openqa.selenium.remote.http.W3CHttpResponseCodec.decode(W3CHttpResponseCodec.java:122)
at org.openqa.selenium.remote.http.W3CHttpResponseCodec.decode(W3CHttpResponseCodec.java:49)
at org.openqa.selenium.remote.HttpCommandExecutor.execute(HttpCommandExecutor.java:158)
at org.openqa.selenium.remote.service.DriverCommandExecutor.execute(DriverCommandExecutor.java:83)
at org.openqa.selenium.remote.RemoteWebDriver.execute(RemoteWebDriver.java:552)
at org.openqa.selenium.remote.RemoteWebElement.execute(RemoteWebElement.java:285)
at org.openqa.selenium.remote.RemoteWebElement.click(RemoteWebElement.java:84)
at BillingPages.OP_Bill_Final_Bill_Full_Settlement_Debit_Note_Billing_Summary_Debit_Note_List_View_Details.OP_Bill_Final_Bill_Full_Settlement_Debit_Note_Billing_Summary_Debit_Note_List_View_Detailsfunc(OP_Bill_Final_Bill_Full_Settlement_Debit_Note_Billing_Summary_Debit_Note_List_View_Details.java:336)
at BillingTest.OP_Bill_Final_Bill_Full_Settlement_Debit_Note_Billing_Summary_Debit_Note_List_View_Details.TC_02_OP_Bill_Final_Bill_Full_Settlement_Debit_Note_Billing_Summary_Debit_Note_List_View_Details(OP_Bill_Final_Bill_Full_Settlement_Debit_Note_Billing_Summary_Debit_Note_List_View_Details.java:49)
at java.base/jdk.internal.reflect.NativeMethodAccessorImpl.invoke0(Native Method)
at java.base/jdk.internal.reflect.NativeMethodAccessorImpl.invoke(NativeMethodAccessorImpl.java:77)
at java.base/jdk.internal.reflect.DelegatingMethodAccessorImpl.invoke(DelegatingMethodAccessorImpl.java:43)
at java.base/java.lang.reflect.Method.invoke(Method.java:568)
at org.testng.internal.MethodInvocationHelper.invokeMethod(MethodInvocationHelper.java:133)
at org.testng.internal.TestInvoker.invokeMethod(TestInvoker.java:598)
at org.testng.internal.TestInvoker.invokeTestMethod(TestInvoker.java:173)
at org.testng.internal.MethodRunner.runInSequence(MethodRunner.java:46)
at org.testng.internal.TestInvoker$MethodInvocationAgent.invoke(TestInvoker.java:824)
at org.testng.internal.TestInvoker.invokeTestMethods(TestInvoker.java:146)
at org.testng.internal.TestMethodWorker.invokeTestMethods(TestMethodWorker.java:146)
at org.testng.internal.TestMethodWorker.run(TestMethodWorker.java:128)
at java.base/java.util.ArrayList.forEach(ArrayList.java:1511)
at org.testng.TestRunner.privateRun(TestRunner.java:794)
at org.testng.TestRunner.run(TestRunner.java:596)
at org.testng.SuiteRunner.runTest(SuiteRunner.java:377)
at org.testng.SuiteRunner.runSequentially(SuiteRunner.java:371)
at org.testng.SuiteRunner.privateRun(SuiteRunner.java:332)
at org.testng.SuiteRunner.run(SuiteRunner.java:276)
at org.testng.SuiteRunnerWorker.runSuite(SuiteRunnerWorker.java:53)
at org.testng.SuiteRunnerWorker.run(SuiteRunnerWorker.java:96)
at org.testng.TestNG.runSuitesSequentially(TestNG.java:1212)
at org.testng.TestNG.runSuitesSequentially(TestNG.java:1207)
at org.testng.TestNG.runSuitesLocally(TestNG.java:1134)
at org.testng.TestNG.runSuites(TestNG.java:1063)
at org.testng.TestNG.run(TestNG.java:1031)
at org.testng.remote.AbstractRemoteTestNG.run(AbstractRemoteTestNG.java:115)
at org.testng.remote.RemoteTestNG.initAndRun(RemoteTestNG.java:251)
at org.testng.remote.RemoteTestNG.main(RemoteTestNG.java:77)
]]>
    </error>
  </testcase> <!-- TC_02_OP_Bill_Final_Bill_Full_Settlement_Debit_Note_Billing_Summary_Debit_Note_List_View_Details -->
  <system-out/>
  <testcase classname="BillingTest.OP_Bill_Final_Bill_Full_Settlement_Debit_Note_Billing_Summary_Debit_Note_List_View_Details" name="TC_01_Verify_Login" time="10.640"/>
  <system-out/>
</testsuite> <!-- BillingTest.OP_Bill_Final_Bill_Full_Settlement_Debit_Note_Billing_Summary_Debit_Note_List_View_Details -->
